Information: Updating design information... (UID-85)
 
****************************************
Report : qor
Design : buffer_e
Version: J-2014.09-SP4
Date   : Thu Mar 10 23:44:22 2016
****************************************


  Timing Path Group 'ref_clk'
  -----------------------------------
  Levels of Logic:               1.00
  Critical Path Length:          0.11
  Critical Path Slack:           1.88
  Critical Path Clk Period:      2.00
  Total Negative Slack:          0.00
  No. of Violating Paths:        0.00
  Worst Hold Violation:          0.00
  Total Hold Violation:          0.00
  No. of Hold Violations:        0.00
  -----------------------------------


  Cell Count
  -----------------------------------
  Hierarchical Cell Count:          0
  Hierarchical Port Count:          0
  Leaf Cell Count:                 66
  Buf/Inv Cell Count:               2
  Buf Cell Count:                   0
  Inv Cell Count:                   2
  CT Buf/Inv Cell Count:            0
  Combinational Cell Count:        34
  Sequential Cell Count:           32
  Macro Count:                      0
  -----------------------------------


  Area
  -----------------------------------
  Combinational Area:       83.867520
  Noncombinational Area:   211.447815
  Buf/Inv Area:              2.541440
  Total Buffer Area:             0.00
  Total Inverter Area:           2.54
  Macro/Black Box Area:      0.000000
  Net Area:                 73.138199
  -----------------------------------
  Cell Area:               295.315335
  Design Area:             368.453534


  Design Rules
  -----------------------------------
  Total Number of Nets:           100
  Nets With Violations:             0
  Max Trans Violations:             0
  Max Cap Violations:               0
  -----------------------------------


  Hostname: zuma.eecs.uci.edu

  Compile CPU Statistics
  -----------------------------------------
  Resource Sharing:                    0.00
  Logic Optimization:                  0.15
  Mapping Optimization:                0.57
  -----------------------------------------
  Overall Compile Time:                5.50
  Overall Compile Wall Clock Time:     7.47

  --------------------------------------------------------------------

  Design  WNS: 0.00  TNS: 0.00  Number of Violating Paths: 0


  Design (Hold)  WNS: 0.00  TNS: 0.00  Number of Violating Paths: 0

  --------------------------------------------------------------------


1
