Warning: duplicate option '-nosplit' overrides previous value. (CMD-018)
 
****************************************
Report : area
Design : control
Version: J-2014.09-SP4
Date   : Thu Mar 10 23:57:31 2016
****************************************

Library(s) Used:

    saed32lvt_tt1p05vn40c (File: /users/ugrad2/2012/spring/pooriam/libraries/saed32lvt_tt1p05vn40c.db)

Number of ports:                           62
Number of nets:                            69
Number of cells:                           57
Number of combinational cells:             57
Number of sequential cells:                 0
Number of macros/black boxes:               0
Number of buf/inv:                         13
Number of references:                      14

Combinational area:                108.011201
Buf/Inv area:                       16.519360
Noncombinational area:               0.000000
Macro/Black Box area:                0.000000
Net Interconnect area:              15.406652

Total cell area:                   108.011201
Total area:                        123.417854

The above information was reported from the logical library. The following are from the physical library:

Hierarchical area distribution
------------------------------

                                  Global cell area          Local cell area
                                  ------------------  --------------------------- 
Hierarchical cell                 Absolute   Percent  Combi-    Noncombi-  Black-
                                  Total      Total    national  national   boxes   Design
--------------------------------  ---------  -------  --------  ---------  ------  ---------
control                            108.0112    100.0  108.0112     0.0000  0.0000  control
--------------------------------  ---------  -------  --------  ---------  ------  ---------
Total                                                 108.0112     0.0000  0.0000


Area of detected synthetic parts
--------------------------------
  No DW parts to report!

Total synthetic cell area:              0.0000  0.0%  

1
