Warning: duplicate option '-nosplit' overrides previous value. (CMD-018)
 
****************************************
Report : area
Design : mux
Version: J-2014.09-SP4
Date   : Thu Mar 10 23:42:39 2016
****************************************

Library(s) Used:

    saed32lvt_tt1p05vn40c (File: /users/ugrad2/2012/spring/pooriam/libraries/saed32lvt_tt1p05vn40c.db)

Number of ports:                           97
Number of nets:                           100
Number of cells:                           35
Number of combinational cells:             35
Number of sequential cells:                 0
Number of macros/black boxes:               0
Number of buf/inv:                          3
Number of references:                       3

Combinational area:                 85.392384
Buf/Inv area:                        4.066304
Noncombinational area:               0.000000
Macro/Black Box area:                0.000000
Net Interconnect area:              20.445041

Total cell area:                    85.392384
Total area:                        105.837426

The above information was reported from the logical library. The following are from the physical library:

Hierarchical area distribution
------------------------------

                                  Global cell area          Local cell area
                                  ------------------  --------------------------- 
Hierarchical cell                 Absolute   Percent  Combi-    Noncombi-  Black-
                                  Total      Total    national  national   boxes   Design
--------------------------------  ---------  -------  --------  ---------  ------  ---------
mux                                 85.3924    100.0   85.3924     0.0000  0.0000  mux
--------------------------------  ---------  -------  --------  ---------  ------  ---------
Total                                                  85.3924     0.0000  0.0000


Area of detected synthetic parts
--------------------------------
  No DW parts to report!

Total synthetic cell area:              0.0000  0.0%  

1
