Warning: duplicate option '-nosplit' overrides previous value. (CMD-018)
 
****************************************
Report : area
Design : mux4
Version: J-2014.09-SP4
Date   : Thu Mar 10 23:51:46 2016
****************************************

Library(s) Used:

    saed32lvt_tt1p05vn40c (File: /users/ugrad2/2012/spring/pooriam/libraries/saed32lvt_tt1p05vn40c.db)

Number of ports:                          162
Number of nets:                           235
Number of cells:                          105
Number of combinational cells:            105
Number of sequential cells:                 0
Number of macros/black boxes:               0
Number of buf/inv:                          5
Number of references:                       6

Combinational area:                248.298692
Buf/Inv area:                       11.436480
Noncombinational area:               0.000000
Macro/Black Box area:                0.000000
Net Interconnect area:              83.809389

Total cell area:                   248.298692
Total area:                        332.108081

The above information was reported from the logical library. The following are from the physical library:

Hierarchical area distribution
------------------------------

                                  Global cell area          Local cell area
                                  ------------------  --------------------------- 
Hierarchical cell                 Absolute   Percent  Combi-    Noncombi-  Black-
                                  Total      Total    national  national   boxes   Design
--------------------------------  ---------  -------  --------  ---------  ------  ---------
mux4                               248.2987    100.0  248.2987     0.0000  0.0000  mux4
--------------------------------  ---------  -------  --------  ---------  ------  ---------
Total                                                 248.2987     0.0000  0.0000


Area of detected synthetic parts
--------------------------------
  No DW parts to report!

Total synthetic cell area:              0.0000  0.0%  

1
