 
****************************************
Report : power
        -net
        -cell
        -analysis_effort medium
        -verbose
        -flat
        -sort_mode dynamic_power
Design : orgate
Version: J-2014.09-SP4
Date   : Wed Mar  9 17:24:15 2016
****************************************


Library(s) Used:

    saed32lvt_tt1p05vn40c (File: /users/ugrad2/2012/spring/pooriam/libraries/saed32lvt_tt1p05vn40c.db)


Operating Conditions: tt1p05vn40c   Library: saed32lvt_tt1p05vn40c
Wire Load Model Mode: enclosed

Design        Wire Load Model            Library
------------------------------------------------
orgate                 ForQA             saed32lvt_tt1p05vn40c


Global Operating Voltage = 1.05 
Power-specific unit information :
    Voltage Units = 1V
    Capacitance Units = 1.000000ff
    Time Units = 1ns
    Dynamic Power Units = 1uW    (derived from V,C,T units)
    Leakage Power Units = 1pW



  Attributes
  ----------
      a  -  Switching activity information annotated on net
      d  -  Default switching activity information on net

                             Total      Static   Toggle   Switching
Net                          Net Load   Prob.    Rate     Power      Attrs
--------------------------------------------------------------------------------
OUT1                           0.221    0.743    0.1009      0.0123  
--------------------------------------------------------------------------------
Total (1 net)                                               12.3040 nW



  Attributes
  ----------
      a  -  Switching activity information annotated on net
      d  -  Default switching activity information on net
      m  -  Multiply-driven net

                          Net         Driver     Tot Dynamic     Driver
                          Switching   Internal   Power           Leakage
Net                       Power       Power      (% Net/Tot)     Power    Attrs
--------------------------------------------------------------------------------
OUT1                         0.0123     0.1521     0.164 (7%)   2145423.7500
--------------------------------------------------------------------------------
Totals (1 net)              12.304nW  152.070nW  164.374nW (7%)    2.145uW


  Attributes
  ----------
      h  -  Hierarchical cell

                        Cell      Driven Net  Tot Dynamic      Cell
                        Internal  Switching   Power            Leakage
Cell                    Power     Power       (% Cell/Tot)     Power      Attrs
--------------------------------------------------------------------------------
U2                         0.1521    0.0123      0.164 (93%)   2145423.7500  
--------------------------------------------------------------------------------
Totals (1 cell)          152.070nW  12.304nW   164.374nW (93%)    2.145uW



  Attributes
  ----------
      h  -  Hierarchical cell
      a  -  User annotated State/Path Dependent (SDPD) information
      e  -  Estimated SDPD from user annotated non-SDPD switching activity
      d  -  Estimated SDPD from default annotated non-SDPD switching activity

               Toggling Source   State Pin Toggle Internal     Leakage
Cell           Pin      of Path  Cond  Rate       Power        Power    Attrs
--------------------------------------------------------------------------------
   U2          A1                (A2)   0.0250   -5.310e-03             d r
   U2          A1                (A2)   0.0250   8.630e-03              d f
   U2          A1                       0.0250   -5.310e-03             d r
   U2          A1                       0.0250   8.630e-03              d f
   U2          A2                (A1)   0.0250   -1.329e-03             d r
   U2          A2                (A1)   0.0250   4.635e-03              d f
   U2          A2                       0.0250   -1.329e-03             d r
   U2          A2                       0.0250   4.635e-03              d f
   U2          Y        A1              0.0252      0.0518                r
   U2          Y        A1              0.0252      0.0248                f
   U2          Y        A2              0.0252      0.0406                r
   U2          Y        A2              0.0252      0.0216                f
   U2                            (A1' A2')                    402198.8125  
   U2                            (A1' A2)                     588487.2500  
   U2                            (A1 A2')                     578839.9375  
   U2                            (A1 A2)                      575897.6875  
   U2                            default                         0.0000  
U2  (Cell Total)                                    0.1521    2145423.7500
--------------------------------------------------------------------------------
Totals (1 cell)                                   152.070nW      2.145uW
1
