Warning: duplicate option '-nosplit' overrides previous value. (CMD-018)
 
****************************************
Report : area
Design : reg1
Version: J-2014.09-SP4
Date   : Thu Mar 10 23:58:18 2016
****************************************

Library(s) Used:

    saed32lvt_tt1p05vn40c (File: /users/ugrad2/2012/spring/pooriam/libraries/saed32lvt_tt1p05vn40c.db)

Number of ports:                          131
Number of nets:                           198
Number of cells:                          132
Number of combinational cells:             68
Number of sequential cells:                64
Number of macros/black boxes:               0
Number of buf/inv:                          4
Number of references:                       3

Combinational area:                167.735041
Buf/Inv area:                        5.082880
Noncombinational area:             422.895630
Macro/Black Box area:                0.000000
Net Interconnect area:             164.032265

Total cell area:                   590.630671
Total area:                        754.662935

The above information was reported from the logical library. The following are from the physical library:

Hierarchical area distribution
------------------------------

                                  Global cell area          Local cell area
                                  ------------------  --------------------------- 
Hierarchical cell                 Absolute   Percent  Combi-    Noncombi-  Black-
                                  Total      Total    national  national   boxes   Design
--------------------------------  ---------  -------  --------  ---------  ------  ---------
reg1                               590.6307    100.0  167.7350   422.8956  0.0000  reg1
--------------------------------  ---------  -------  --------  ---------  ------  ---------
Total                                                 167.7350   422.8956  0.0000


Area of detected synthetic parts
--------------------------------
  No DW parts to report!

Total synthetic cell area:              0.0000  0.0%  

1
