Warning: duplicate option '-nosplit' overrides previous value. (CMD-018)
 
****************************************
Report : area
Design : reg3
Version: J-2014.09-SP4
Date   : Fri Mar 11 00:00:01 2016
****************************************

Library(s) Used:

    saed32lvt_tt1p05vn40c (File: /users/ugrad2/2012/spring/pooriam/libraries/saed32lvt_tt1p05vn40c.db)

Number of ports:                          219
Number of nets:                           219
Number of cells:                          109
Number of combinational cells:              0
Number of sequential cells:               109
Number of macros/black boxes:               0
Number of buf/inv:                          0
Number of references:                       1

Combinational area:                  0.000000
Buf/Inv area:                        0.000000
Noncombinational area:             720.244120
Macro/Black Box area:                0.000000
Net Interconnect area:             120.316589

Total cell area:                   720.244120
Total area:                        840.560709

The above information was reported from the logical library. The following are from the physical library:

Hierarchical area distribution
------------------------------

                                  Global cell area          Local cell area
                                  ------------------  --------------------------- 
Hierarchical cell                 Absolute   Percent  Combi-    Noncombi-  Black-
                                  Total      Total    national  national   boxes   Design
--------------------------------  ---------  -------  --------  ---------  ------  ---------
reg3                               720.2441    100.0    0.0000   720.2441  0.0000  reg3
--------------------------------  ---------  -------  --------  ---------  ------  ---------
Total                                                   0.0000   720.2441  0.0000


Area of detected synthetic parts
--------------------------------
  No DW parts to report!

Total synthetic cell area:              0.0000  0.0%  

1
