Information: Updating design information... (UID-85)
 
****************************************
Report : qor
Design : shiftleft_32bit
Version: J-2014.09-SP4
Date   : Thu Mar 10 23:49:23 2016
****************************************


  Timing Path Group (none)
  -----------------------------------
  Levels of Logic:               0.00
  Critical Path Length:          0.00
  Critical Path Slack:         uninit
  Critical Path Clk Period:       n/a
  Total Negative Slack:          0.00
  No. of Violating Paths:        0.00
  Worst Hold Violation:          0.00
  Total Hold Violation:          0.00
  No. of Hold Violations:        0.00
  -----------------------------------


  Cell Count
  -----------------------------------
  Hierarchical Cell Count:          0
  Hierarchical Port Count:          0
  Leaf Cell Count:                  0
  Buf/Inv Cell Count:               0
  Buf Cell Count:                   0
  Inv Cell Count:                   0
  CT Buf/Inv Cell Count:            0
  Combinational Cell Count:         0
  Sequential Cell Count:            0
  Macro Count:                      0
  -----------------------------------


  Area
  -----------------------------------
  Combinational Area:        0.000000
  Noncombinational Area:     0.000000
  Buf/Inv Area:              0.000000
  Total Buffer Area:             0.00
  Total Inverter Area:           0.00
  Macro/Black Box Area:      0.000000
  Net Area:                  2.565261
  -----------------------------------
  Cell Area:                 0.000000
  Design Area:               2.565261


  Design Rules
  -----------------------------------
  Total Number of Nets:            31
  Nets With Violations:             0
  Max Trans Violations:             0
  Max Cap Violations:               0
  -----------------------------------


  Hostname: zuma.eecs.uci.edu

  Compile CPU Statistics
  -----------------------------------------
  Resource Sharing:                    0.00
  Logic Optimization:                  0.03
  Mapping Optimization:                0.78
  -----------------------------------------
  Overall Compile Time:                5.25
  Overall Compile Wall Clock Time:     7.69

  --------------------------------------------------------------------

  Design  WNS: 0.00  TNS: 0.00  Number of Violating Paths: 0


  Design (Hold)  WNS: 0.00  TNS: 0.00  Number of Violating Paths: 0

  --------------------------------------------------------------------


1
