Information: Updating design information... (UID-85)
 
****************************************
Report : qor
Design : branch_check
Version: J-2014.09-SP4
Date   : Thu Mar 10 23:50:48 2016
****************************************


  Timing Path Group (none)
  -----------------------------------
  Levels of Logic:               9.00
  Critical Path Length:          0.42
  Critical Path Slack:         uninit
  Critical Path Clk Period:       n/a
  Total Negative Slack:          0.00
  No. of Violating Paths:        0.00
  Worst Hold Violation:          0.00
  Total Hold Violation:          0.00
  No. of Hold Violations:        0.00
  -----------------------------------


  Cell Count
  -----------------------------------
  Hierarchical Cell Count:          0
  Hierarchical Port Count:          0
  Leaf Cell Count:                 87
  Buf/Inv Cell Count:              34
  Buf Cell Count:                   0
  Inv Cell Count:                  34
  CT Buf/Inv Cell Count:            0
  Combinational Cell Count:        87
  Sequential Cell Count:            0
  Macro Count:                      0
  -----------------------------------


  Area
  -----------------------------------
  Combinational Area:      195.182590
  Noncombinational Area:     0.000000
  Buf/Inv Area:             43.204480
  Total Buffer Area:             0.00
  Total Inverter Area:          43.20
  Macro/Black Box Area:      0.000000
  Net Area:                 23.838488
  -----------------------------------
  Cell Area:               195.182590
  Design Area:             219.021079


  Design Rules
  -----------------------------------
  Total Number of Nets:           157
  Nets With Violations:             0
  Max Trans Violations:             0
  Max Cap Violations:               0
  -----------------------------------


  Hostname: zuma.eecs.uci.edu

  Compile CPU Statistics
  -----------------------------------------
  Resource Sharing:                    0.17
  Logic Optimization:                  0.04
  Mapping Optimization:                0.51
  -----------------------------------------
  Overall Compile Time:                4.48
  Overall Compile Wall Clock Time:     6.23

  --------------------------------------------------------------------

  Design  WNS: 0.00  TNS: 0.00  Number of Violating Paths: 0


  Design (Hold)  WNS: 0.00  TNS: 0.00  Number of Violating Paths: 0

  --------------------------------------------------------------------


1
