Information: Propagating switching activity (medium effort zero delay simulation). (PWR-6)
Warning: There is no defined clock in the design. (PWR-80)
Warning: Design has unannotated primary inputs. (PWR-414)
 
****************************************
Report : power
        -hier
        -analysis_effort medium
        -verbose
Design : branch_check
Version: J-2014.09-SP4
Date   : Thu Mar 10 23:50:49 2016
****************************************


Library(s) Used:

    saed32lvt_tt1p05vn40c (File: /users/ugrad2/2012/spring/pooriam/libraries/saed32lvt_tt1p05vn40c.db)


Operating Conditions: tt1p05vn40c   Library: saed32lvt_tt1p05vn40c
Wire Load Model Mode: enclosed

Design        Wire Load Model            Library
------------------------------------------------
branch_check           ForQA             saed32lvt_tt1p05vn40c


Global Operating Voltage = 1.05 
Power-specific unit information :
    Voltage Units = 1V
    Capacitance Units = 1.000000ff
    Time Units = 1ns
    Dynamic Power Units = 1uW    (derived from V,C,T units)
    Leakage Power Units = 1pW


--------------------------------------------------------------------------------
                                       Switch   Int      Leak     Total
Hierarchy                              Power    Power    Power    Power    %
--------------------------------------------------------------------------------
branch_check                              7.020   15.313 7.86e+07  100.946 100.0
1
