Warning: duplicate option '-nosplit' overrides previous value. (CMD-018)
 
****************************************
Report : area
Design : hazard_unit
Version: J-2014.09-SP4
Date   : Thu Mar 10 23:56:52 2016
****************************************

Library(s) Used:

    saed32lvt_tt1p05vn40c (File: /users/ugrad2/2012/spring/pooriam/libraries/saed32lvt_tt1p05vn40c.db)

Number of ports:                           50
Number of nets:                           144
Number of cells:                          103
Number of combinational cells:            103
Number of sequential cells:                 0
Number of macros/black boxes:               0
Number of buf/inv:                         29
Number of references:                      19

Combinational area:                237.116350
Buf/Inv area:                       36.850880
Noncombinational area:               0.000000
Macro/Black Box area:                0.000000
Net Interconnect area:              59.495441

Total cell area:                   237.116350
Total area:                        296.611791

The above information was reported from the logical library. The following are from the physical library:

Hierarchical area distribution
------------------------------

                                  Global cell area          Local cell area
                                  ------------------  --------------------------- 
Hierarchical cell                 Absolute   Percent  Combi-    Noncombi-  Black-
                                  Total      Total    national  national   boxes   Design
--------------------------------  ---------  -------  --------  ---------  ------  ---------
hazard_unit                        237.1164    100.0  237.1164     0.0000  0.0000  hazard_unit
--------------------------------  ---------  -------  --------  ---------  ------  ---------
Total                                                 237.1164     0.0000  0.0000


Area of detected synthetic parts
--------------------------------
  No DW parts to report!

Estimated area of ungrouped synthetic parts
-------------------------------------------
                         Estimated  Perc. of
  Module Implem.  Count       Area cell area
  ------ -------  ----- ---------- ---------
  DW_cmp apparch     10    43.2045     18.2%
  ------ -------  ----- ---------- ---------
  Total:             10    43.2045     18.2%

Total synthetic cell area:              43.2045  18.2%  (estimated)

1
