Warning: duplicate option '-nosplit' overrides previous value. (CMD-018)
 
****************************************
Report : area
Design : reg4
Version: J-2014.09-SP4
Date   : Fri Mar 11 00:00:37 2016
****************************************

Library(s) Used:

    saed32lvt_tt1p05vn40c (File: /users/ugrad2/2012/spring/pooriam/libraries/saed32lvt_tt1p05vn40c.db)

Number of ports:                          217
Number of nets:                           215
Number of cells:                          106
Number of combinational cells:              0
Number of sequential cells:               106
Number of macros/black boxes:               0
Number of buf/inv:                          0
Number of references:                       1

Combinational area:                  0.000000
Buf/Inv area:                        0.000000
Noncombinational area:             700.420887
Macro/Black Box area:                0.000000
Net Interconnect area:             117.039584

Total cell area:                   700.420887
Total area:                        817.460471

The above information was reported from the logical library. The following are from the physical library:

Hierarchical area distribution
------------------------------

                                  Global cell area          Local cell area
                                  ------------------  --------------------------- 
Hierarchical cell                 Absolute   Percent  Combi-    Noncombi-  Black-
                                  Total      Total    national  national   boxes   Design
--------------------------------  ---------  -------  --------  ---------  ------  ---------
reg4                               700.4209    100.0    0.0000   700.4209  0.0000  reg4
--------------------------------  ---------  -------  --------  ---------  ------  ---------
Total                                                   0.0000   700.4209  0.0000


Area of detected synthetic parts
--------------------------------
  No DW parts to report!

Total synthetic cell area:              0.0000  0.0%  

1
