Warning: duplicate option '-nosplit' overrides previous value. (CMD-018)
 
****************************************
Report : area
Design : rom
Version: J-2014.09-SP4
Date   : Thu Mar 10 23:45:15 2016
****************************************

Library(s) Used:

    saed32lvt_tt1p05vn40c (File: /users/ugrad2/2012/spring/pooriam/libraries/saed32lvt_tt1p05vn40c.db)

Number of ports:                           64
Number of nets:                           218
Number of cells:                          211
Number of combinational cells:            211
Number of sequential cells:                 0
Number of macros/black boxes:               0
Number of buf/inv:                         30
Number of references:                      17

Combinational area:                403.072385
Buf/Inv area:                       38.121600
Noncombinational area:               0.000000
Macro/Black Box area:                0.000000
Net Interconnect area:             133.466048

Total cell area:                   403.072385
Total area:                        536.538432

The above information was reported from the logical library. The following are from the physical library:

Hierarchical area distribution
------------------------------

                                  Global cell area          Local cell area
                                  ------------------  --------------------------- 
Hierarchical cell                 Absolute   Percent  Combi-    Noncombi-  Black-
                                  Total      Total    national  national   boxes   Design
--------------------------------  ---------  -------  --------  ---------  ------  ---------
rom                                403.0724    100.0  403.0724     0.0000  0.0000  rom
--------------------------------  ---------  -------  --------  ---------  ------  ---------
Total                                                 403.0724     0.0000  0.0000


Area of detected synthetic parts
--------------------------------
  No DW parts to report!

Total synthetic cell area:              0.0000  0.0%  

1
