Warning: duplicate option '-nosplit' overrides previous value. (CMD-018)
 
****************************************
Report : area
Design : shiftextend
Version: J-2014.09-SP4
Date   : Fri Mar 11 00:01:25 2016
****************************************

Library(s) Used:

    saed32lvt_tt1p05vn40c (File: /users/ugrad2/2012/spring/pooriam/libraries/saed32lvt_tt1p05vn40c.db)

Number of ports:                           67
Number of nets:                           102
Number of cells:                           67
Number of combinational cells:             35
Number of sequential cells:                32
Number of macros/black boxes:               0
Number of buf/inv:                          6
Number of references:                       8

Combinational area:                 80.563648
Buf/Inv area:                        8.895040
Noncombinational area:             162.652161
Macro/Black Box area:                0.000000
Net Interconnect area:              46.421697

Total cell area:                   243.215809
Total area:                        289.637506

The above information was reported from the logical library. The following are from the physical library:

Hierarchical area distribution
------------------------------

                                  Global cell area          Local cell area
                                  ------------------  --------------------------- 
Hierarchical cell                 Absolute   Percent  Combi-    Noncombi-  Black-
                                  Total      Total    national  national   boxes   Design
--------------------------------  ---------  -------  --------  ---------  ------  ---------
shiftextend                        243.2158    100.0   80.5636   162.6522  0.0000  shiftextend
--------------------------------  ---------  -------  --------  ---------  ------  ---------
Total                                                  80.5636   162.6522  0.0000


Area of detected synthetic parts
--------------------------------
  No DW parts to report!

Total synthetic cell area:              0.0000  0.0%  

1
