# vsim -l simulation.log -do "sim.do" -c processor_tb_opt 
# Start time: 21:27:14 on Mar 11,2016
# //  Questa Sim-64
# //  Version 10.4c linux_x86_64 Jul 19 2015
# //
# //  Copyright 1991-2015 Mentor Graphics Corporation
# //  All Rights Reserved.
# //
# //  THIS WORK CONTAINS TRADE SECRET AND PROPRIETARY INFORMATION
# //  WHICH IS THE PROPERTY OF MENTOR GRAPHICS CORPORATION OR ITS
# //  LICENSORS AND IS SUBJECT TO LICENSE TERMS.
# //  THIS DOCUMENT CONTAINS TRADE SECRETS AND COMMERCIAL OR FINANCIAL
# //  INFORMATION THAT ARE PRIVILEGED, CONFIDENTIAL, AND EXEMPT FROM
# //  DISCLOSURE UNDER THE FREEDOM OF INFORMATION ACT, 5 U.S.C. SECTION 552.
# //  FURTHERMORE, THIS INFORMATION IS PROHIBITED FROM DISCLOSURE UNDER
# //  THE TRADE SECRETS ACT, 18 U.S.C. SECTION 1905.
# //
# Loading sv_std.std
# Loading work.processor_tb(fast)
# Loading std.standard
# Loading std.textio(body)
# Loading ieee.std_logic_1164(body)
# Loading ieee.numeric_std(body)
# Loading work.processor(behavior)#1
# Loading work.mux(behavior)#1
# Loading work.buffer_e(behavior)#1
# Loading work.rom(behavior)#1
# Loading work.adder(logic)#1
# Loading work.reg1(behavior)#1
# Loading work.control(behavior)#1
# Loading work.regfile(behavior)#1
# Loading work.sign_extension_16bit(behavioral)#1
# Loading work.shiftleft_32bit(behavior)#1
# Loading work.andgate(behavioral)#1
# Loading work.orgate(behavioral)#1
# Loading work.branch_check(behavior)#1
# Loading work.shiftleft_26bit(behavior)#1
# Loading work.concatenation(behavior)#1
# Loading work.reg2(behavior)#1
# Loading work.mux_5bit(behavior)#1
# Loading work.mux4(logic)#1
# Loading work.alu(behavior)#1
# Loading work.reg3(behavior)#1
# Loading work.ram(behavior)#1
# Loading work.reg4(behavior)#1
# Loading work.shiftlui(logic)#1
# Loading work.hazard_unit(behavior)#1
# Loading work.shiftextend(logic)#1
# do sim.do
# .
# waveform.wlf
# ** Warning: NUMERIC_STD.TO_INTEGER: metavalue detected, returning 0
#    Time: 0 ns  Iteration: 0  Instance: .processor_tb.L1.regfilex
# ** Warning: NUMERIC_STD.TO_INTEGER: metavalue detected, returning 0
#    Time: 0 ns  Iteration: 0  Instance: .processor_tb.L1.regfilex
# ** Warning: NUMERIC_STD.TO_INTEGER: metavalue detected, returning 0
#    Time: 0 ns  Iteration: 0  Instance: .processor_tb.L1.IRx
# ** Warning: NUMERIC_STD.TO_INTEGER: metavalue detected, returning 0
#    Time: 0 ns  Iteration: 0  Instance: .processor_tb.L1.IRx
# ** Warning: NUMERIC_STD.TO_INTEGER: metavalue detected, returning 0
#    Time: 0 ns  Iteration: 0  Instance: .processor_tb.L1.IRx
# ** Warning: NUMERIC_STD.TO_INTEGER: metavalue detected, returning 0
#    Time: 0 ns  Iteration: 0  Instance: .processor_tb.L1.IRx
# ** Note: $finish    : processor_tb.sv(41)
#    Time: 102 ns  Iteration: 0  Instance: .processor_tb
# End time: 21:27:15 on Mar 11,2016, Elapsed time: 0:00:01
# Errors: 0, Warnings: 6
