Warning: duplicate option '-nosplit' overrides previous value. (CMD-018)
 
****************************************
Report : area
Design : regfile
Version: J-2014.09-SP4
Date   : Wed Mar  9 12:47:47 2016
****************************************

Library(s) Used:

    saed32lvt_tt1p05vn40c (File: /users/ugrad2/2012/spring/pooriam/libraries/saed32lvt_tt1p05vn40c.db)

Number of ports:                          113
Number of nets:                          3777
Number of cells:                         3728
Number of combinational cells:           2672
Number of sequential cells:              1056
Number of macros/black boxes:               0
Number of buf/inv:                        145
Number of references:                      16

Combinational area:               6609.268861
Buf/Inv area:                      233.812481
Noncombinational area:            6977.777893
Macro/Black Box area:                0.000000
Net Interconnect area:            5133.365467

Total cell area:                 13587.046754
Total area:                      18720.412222

The above information was reported from the logical library. The following are from the physical library:

Hierarchical area distribution
------------------------------

                                  Global cell area           Local cell area
                                  -------------------  ---------------------------- 
Hierarchical cell                 Absolute    Percent  Combi-     Noncombi-  Black-
                                  Total       Total    national   national   boxes   Design
--------------------------------  ----------  -------  ---------  ---------  ------  ---------
regfile                           13587.0468    100.0  6609.2689  6977.7779  0.0000  regfile
--------------------------------  ----------  -------  ---------  ---------  ------  ---------
Total                                                  6609.2689  6977.7779  0.0000


Area of detected synthetic parts
--------------------------------
  No DW parts to report!

Total synthetic cell area:              0.0000  0.0%  

1
