Information: Updating design information... (UID-85)
 
****************************************
Report : qor
Design : rom
Version: J-2014.09-SP4
Date   : Wed Mar  9 12:44:27 2016
****************************************


  Timing Path Group (none)
  -----------------------------------
  Levels of Logic:              12.00
  Critical Path Length:          0.55
  Critical Path Slack:         uninit
  Critical Path Clk Period:       n/a
  Total Negative Slack:          0.00
  No. of Violating Paths:        0.00
  Worst Hold Violation:          0.00
  Total Hold Violation:          0.00
  No. of Hold Violations:        0.00
  -----------------------------------


  Cell Count
  -----------------------------------
  Hierarchical Cell Count:          0
  Hierarchical Port Count:          0
  Leaf Cell Count:                211
  Buf/Inv Cell Count:              30
  Buf Cell Count:                   0
  Inv Cell Count:                  30
  CT Buf/Inv Cell Count:            0
  Combinational Cell Count:       211
  Sequential Cell Count:            0
  Macro Count:                      0
  -----------------------------------


  Area
  -----------------------------------
  Combinational Area:      403.072385
  Noncombinational Area:     0.000000
  Buf/Inv Area:             38.121600
  Total Buffer Area:             0.00
  Total Inverter Area:          38.12
  Macro/Black Box Area:      0.000000
  Net Area:                133.466048
  -----------------------------------
  Cell Area:               403.072385
  Design Area:             536.538432


  Design Rules
  -----------------------------------
  Total Number of Nets:           218
  Nets With Violations:             0
  Max Trans Violations:             0
  Max Cap Violations:               0
  -----------------------------------


  Hostname: zuma.eecs.uci.edu

  Compile CPU Statistics
  -----------------------------------------
  Resource Sharing:                    2.07
  Logic Optimization:                  0.12
  Mapping Optimization:                0.60
  -----------------------------------------
  Overall Compile Time:                7.24
  Overall Compile Wall Clock Time:     9.40

  --------------------------------------------------------------------

  Design  WNS: 0.00  TNS: 0.00  Number of Violating Paths: 0


  Design (Hold)  WNS: 0.00  TNS: 0.00  Number of Violating Paths: 0

  --------------------------------------------------------------------


1
